<?xml version="1.0" encoding="UTF-8"?>
<!-- Generated by org.testng.reporters.JUnitXMLReporter -->
<testsuite ignored="0" hostname="MacBook-Pro-2.local" failures="0" tests="1" name="IOS Test" time="0.002" errors="0" timestamp="02 Feb 2024 20:25:10 GMT">
  <testcase classname="org.rahulshettyacademy.TestUtils.IOSBaseTest" name="@BeforeClass ConfigureAppium" time="0.001">
    <failure type="java.lang.AbstractMethodError" message="Receiver class io.appium.java_client.service.local.AppiumServiceBuilder does not define or inherit an implementation of the resolved method &amp;apos;abstract void loadSystemProperties()&amp;apos; of abstract class org.openqa.selenium.remote.service.DriverService$Builder.">
      <![CDATA[java.lang.AbstractMethodError: Receiver class io.appium.java_client.service.local.AppiumServiceBuilder does not define or inherit an implementation of the resolved method 'abstract void loadSystemProperties()' of abstract class org.openqa.selenium.remote.service.DriverService$Builder.
at org.openqa.selenium.remote.service.DriverService$Builder.build(DriverService.java:504)
at org.rahulshettyacademy.utils.AppiumUtils.startAppiumServer(AppiumUtils.java:55)
at org.rahulshettyacademy.TestUtils.IOSBaseTest.ConfigureAppium(IOSBaseTest.java:56)
... Removed 30 stack frames]]>
    </failure>
  </testcase> <!-- @BeforeClass ConfigureAppium -->
  <testcase classname="org.rahulshettyacademy.TestUtils.IOSBaseTest" name="@AfterClass tearDown" time="0.0">
    <skipped/>
  </testcase> <!-- @AfterClass tearDown -->
  <testcase classname="org.rahulshettyacademy.IOSBasics" name="IOSBasicsTest" time="0.0">
    <skipped/>
  </testcase> <!-- IOSBasicsTest -->
</testsuite> <!-- IOS Test -->
