<?xml version="1.0" encoding="UTF-8"?>
<testsuite xmlns:xsi="http://www.w3.org/2001/XMLSchema-instance" xsi:noNamespaceSchemaLocation="https://maven.apache.org/surefire/maven-surefire-plugin/xsd/surefire-test-report.xsd" name="TestSuite" time="4.432" tests="3" errors="0" skipped="1" failures="2">
  <properties>
[...]
</properties>
  <testcase name="ConfigureAppium" classname="org.courierdost.androidTest.firstTest" time="2.893">
    <failure message="Could not start a new session. Possible causes are invalid address of the remote server or browser start-up failure. &#10;Host info: host: &apos;PASHA&apos;, ip: &apos;192.168.1.5&apos;" type="org.openqa.selenium.SessionNotCreatedException">org.openqa.selenium.SessionNotCreatedException: 
Could not start a new session. Possible causes are invalid address of the remote server or browser start-up failure. 
Host info: host: 'PASHA', ip: '192.168.1.5'
Caused by: org.openqa.selenium.WebDriverException: 
java.lang.reflect.InvocationTargetException
Build info: version: '4.26.0', revision: '8ccf0219d7'
System info: os.name: 'Windows 8.1', os.arch: 'amd64', os.version: '6.3', java.version: '17.0.4.1'
Driver info: driver.version: AndroidDriver
Caused by: java.lang.reflect.InvocationTargetException
Caused by: java.io.UncheckedIOException: java.net.ConnectException
Caused by: java.net.ConnectException
Caused by: java.net.ConnectException
Caused by: java.nio.channels.ClosedChannelException
</failure>
    <system-err><![CDATA[SLF4J(W): No SLF4J providers were found.
SLF4J(W): Defaulting to no-operation (NOP) logger implementation
SLF4J(W): See https://www.slf4j.org/codes.html#noProviders for further details.
]]></system-err>
  </testcase>
  <testcase name="FillForm" classname="org.courierdost.androidTest.firstTest" time="0">
    <skipped message="Could not start a new session. Possible causes are invalid address of the remote server or browser start-up failure. &#10;Host info: host: &apos;PASHA&apos;, ip: &apos;192.168.1.5&apos;"/>
  </testcase>
  <testcase name="tearDown" classname="org.courierdost.androidTest.firstTest" time="0">
    <failure message="Cannot invoke &quot;io.appium.java_client.android.AndroidDriver.quit()&quot; because &quot;this.driver&quot; is null" type="java.lang.NullPointerException">java.lang.NullPointerException: Cannot invoke "io.appium.java_client.android.AndroidDriver.quit()" because "this.driver" is null
</failure>
  </testcase>
</testsuite>